2019-08-23 09:40:07 6242 [restartedMain] INFO  o.s.b.d.e.DevToolsPropertyDefaultsPostProcessor - Devtools property defaults active! Set 'spring.devtools.add-properties' to 'false' to disable
2019-08-23 09:40:08 8003 [restartedMain] INFO  o.s.c.s.PostProcessorRegistrationDelegate$BeanPostProcessorChecker - Bean 'org.springframework.cloud.autoconfigure.ConfigurationPropertiesRebinderAutoConfiguration' of type [org.springframework.cloud.autoconfigure.ConfigurationPropertiesRebinderAutoConfiguration$$EnhancerBySpringCGLIB$$ca43c346] is not eligible for getting processed by all BeanPostProcessors (for example: not eligible for auto-proxying)
2019-08-23 09:40:10 9243 [restartedMain] INFO  o.s.c.n.eureka.InstanceInfoFactory - Setting initial instance status as: STARTING
2019-08-23 09:40:10 9603 [restartedMain] INFO  c.netflix.discovery.DiscoveryClient - Initializing Eureka in region us-east-1
2019-08-23 09:40:12 11601 [restartedMain] INFO  c.n.d.p.DiscoveryJerseyProvider - Using JSON encoding codec LegacyJacksonJson
2019-08-23 09:40:12 11602 [restartedMain] INFO  c.n.d.p.DiscoveryJerseyProvider - Using JSON decoding codec LegacyJacksonJson
2019-08-23 09:40:13 12295 [restartedMain] INFO  c.n.d.p.DiscoveryJerseyProvider - Using XML encoding codec XStreamXml
2019-08-23 09:40:13 12296 [restartedMain] INFO  c.n.d.p.DiscoveryJerseyProvider - Using XML decoding codec XStreamXml
2019-08-23 09:40:14 13552 [restartedMain] INFO  c.n.d.s.r.aws.ConfigClusterResolver - Resolving eureka endpoints via configuration
2019-08-23 09:40:15 14772 [restartedMain] INFO  c.netflix.discovery.DiscoveryClient - Disable delta property : false
2019-08-23 09:40:15 14772 [restartedMain] INFO  c.netflix.discovery.DiscoveryClient - Single vip registry refresh property : null
2019-08-23 09:40:15 14772 [restartedMain] INFO  c.netflix.discovery.DiscoveryClient - Force full registry fetch : false
2019-08-23 09:40:15 14772 [restartedMain] INFO  c.netflix.discovery.DiscoveryClient - Application is null : false
2019-08-23 09:40:15 14773 [restartedMain] INFO  c.netflix.discovery.DiscoveryClient - Registered Applications size is zero : true
2019-08-23 09:40:15 14773 [restartedMain] INFO  c.netflix.discovery.DiscoveryClient - Application version is -1: true
2019-08-23 09:40:15 14773 [restartedMain] INFO  c.netflix.discovery.DiscoveryClient - Getting all instance registry info from the eureka server
2019-08-23 09:40:16 15522 [restartedMain] INFO  c.netflix.discovery.DiscoveryClient - The response status is 200
2019-08-23 09:40:16 15533 [restartedMain] INFO  c.netflix.discovery.DiscoveryClient - Not registering with Eureka server per configuration
2019-08-23 09:40:16 15555 [restartedMain] INFO  c.netflix.discovery.DiscoveryClient - Discovery Client initialized at timestamp 1566524416524 with initial instances count: 2
2019-08-23 09:40:16 15808 [restartedMain] INFO  o.s.c.n.e.s.EurekaServiceRegistry - Registering application IM-SERVER-CONTAINER with eureka with status UP
2019-08-23 09:40:17 16832 [restartedMain] INFO  o.s.c.c.c.ConfigServicePropertySourceLocator - Fetching config from server at : http://192.168.10.157:7001/
2019-08-23 09:40:19 18679 [restartedMain] INFO  o.s.c.c.c.ConfigServicePropertySourceLocator - Located environment: name=common,data-source,redis,im-server-container, profiles=[dev], label=master, version=null, state=null
2019-08-23 09:40:19 18680 [restartedMain] INFO  o.s.c.b.c.PropertySourceBootstrapConfiguration - Located property source: CompositePropertySource {name='configService', propertySources=[MapPropertySource {name='file:D:/imConfig/im-server-container-dev.yml'}, MapPropertySource {name='file:D:/imConfig/redis-dev.yml'}, MapPropertySource {name='file:D:/imConfig/data-source-dev.yml'}, MapPropertySource {name='file:D:/imConfig/common-dev.yml'}]}
2019-08-23 09:40:20 19536 [restartedMain] INFO  c.s.ImServerContainerApplication - The following profiles are active: dev
2019-08-23 09:40:26 25190 [restartedMain] INFO  o.s.d.r.c.RepositoryConfigurationDelegate - Multiple Spring Data modules found, entering strict repository configuration mode!
2019-08-23 09:40:26 25201 [restartedMain] INFO  o.s.d.r.c.RepositoryConfigurationDelegate - Bootstrapping Spring Data repositories in DEFAULT mode.
2019-08-23 09:40:26 25407 [restartedMain] INFO  o.s.d.r.c.RepositoryConfigurationDelegate - Finished Spring Data repository scanning in 143ms. Found 0 repository interfaces.
2019-08-23 09:40:28 27662 [restartedMain] INFO  o.s.c.context.scope.GenericScope - BeanFactory id=8554d66b-8a58-3d88-836b-8a5bae3fff96
2019-08-23 09:40:29 28439 [restartedMain] INFO  o.s.c.s.PostProcessorRegistrationDelegate$BeanPostProcessorChecker - Bean 'org.springframework.transaction.annotation.ProxyTransactionManagementConfiguration' of type [org.springframework.transaction.annotation.ProxyTransactionManagementConfiguration$$EnhancerBySpringCGLIB$$ae29c049] is not eligible for getting processed by all BeanPostProcessors (for example: not eligible for auto-proxying)
2019-08-23 09:40:30 29149 [restartedMain] INFO  o.s.c.s.PostProcessorRegistrationDelegate$BeanPostProcessorChecker - Bean 'org.springframework.cloud.autoconfigure.ConfigurationPropertiesRebinderAutoConfiguration' of type [org.springframework.cloud.autoconfigure.ConfigurationPropertiesRebinderAutoConfiguration$$EnhancerBySpringCGLIB$$ca43c346] is not eligible for getting processed by all BeanPostProcessors (for example: not eligible for auto-proxying)
2019-08-23 09:40:32 31526 [restartedMain] INFO  o.s.b.w.e.tomcat.TomcatWebServer - Tomcat initialized with port(s): 5051 (http)
2019-08-23 09:40:32 31595 [restartedMain] INFO  o.a.coyote.http11.Http11NioProtocol - Initializing ProtocolHandler ["http-nio-5051"]
2019-08-23 09:40:32 31662 [restartedMain] INFO  o.a.catalina.core.StandardService - Starting service [Tomcat]
2019-08-23 09:40:32 31663 [restartedMain] INFO  o.a.catalina.core.StandardEngine - Starting Servlet engine: [Apache Tomcat/9.0.19]
2019-08-23 09:40:33 32312 [restartedMain] INFO  o.a.c.c.C.[Tomcat].[localhost].[/] - Initializing Spring embedded WebApplicationContext
2019-08-23 09:40:33 32313 [restartedMain] INFO  o.s.web.context.ContextLoader - Root WebApplicationContext: initialization completed in 12117 ms
2019-08-23 09:40:33 33007 [restartedMain] INFO  c.n.c.s.URLConfigurationSource - To enable URLs as dynamic configuration sources, define System property archaius.configurationSource.additionalUrls or make config.properties available on classpath.
2019-08-23 09:40:34 33106 [restartedMain] INFO  c.n.config.DynamicPropertyFactory - DynamicPropertyFactory is initialized with configuration sources: com.netflix.config.ConcurrentCompositeConfiguration@3677fb46
2019-08-23 09:40:43 42726 [restartedMain] INFO  c.n.c.s.URLConfigurationSource - To enable URLs as dynamic configuration sources, define System property archaius.configurationSource.additionalUrls or make config.properties available on classpath.
2019-08-23 09:40:45 44390 [restartedMain] INFO  o.s.s.c.ThreadPoolTaskExecutor - Initializing ExecutorService 'applicationTaskExecutor'
2019-08-23 09:40:53 52980 [restartedMain] INFO  c.netflix.discovery.DiscoveryClient - Shutting down DiscoveryClient ...
2019-08-23 09:40:54 53061 [restartedMain] INFO  c.netflix.discovery.DiscoveryClient - Completed shut down of DiscoveryClient
2019-08-23 09:40:54 53121 [restartedMain] INFO  o.s.b.a.e.web.EndpointLinksResolver - Exposing 19 endpoint(s) beneath base path '/actuator'
2019-08-23 09:40:55 54260 [restartedMain] INFO  o.s.c.n.eureka.InstanceInfoFactory - Setting initial instance status as: STARTING
2019-08-23 09:40:55 54285 [restartedMain] INFO  c.netflix.discovery.DiscoveryClient - Initializing Eureka in region us-east-1
2019-08-23 09:40:55 54315 [restartedMain] INFO  c.n.d.p.DiscoveryJerseyProvider - Using JSON encoding codec LegacyJacksonJson
2019-08-23 09:40:55 54319 [restartedMain] INFO  c.n.d.p.DiscoveryJerseyProvider - Using JSON decoding codec LegacyJacksonJson
2019-08-23 09:40:55 54321 [restartedMain] INFO  c.n.d.p.DiscoveryJerseyProvider - Using XML encoding codec XStreamXml
2019-08-23 09:40:55 54321 [restartedMain] INFO  c.n.d.p.DiscoveryJerseyProvider - Using XML decoding codec XStreamXml
2019-08-23 09:40:55 54923 [restartedMain] INFO  c.n.d.s.r.aws.ConfigClusterResolver - Resolving eureka endpoints via configuration
2019-08-23 09:40:55 54934 [restartedMain] INFO  c.netflix.discovery.DiscoveryClient - Disable delta property : false
2019-08-23 09:40:55 54938 [restartedMain] INFO  c.netflix.discovery.DiscoveryClient - Single vip registry refresh property : null
2019-08-23 09:40:55 54938 [restartedMain] INFO  c.netflix.discovery.DiscoveryClient - Force full registry fetch : false
2019-08-23 09:40:55 54938 [restartedMain] INFO  c.netflix.discovery.DiscoveryClient - Application is null : false
2019-08-23 09:40:55 54939 [restartedMain] INFO  c.netflix.discovery.DiscoveryClient - Registered Applications size is zero : true
2019-08-23 09:40:55 54940 [restartedMain] INFO  c.netflix.discovery.DiscoveryClient - Application version is -1: true
2019-08-23 09:40:55 54940 [restartedMain] INFO  c.netflix.discovery.DiscoveryClient - Getting all instance registry info from the eureka server
2019-08-23 09:40:56 55043 [restartedMain] INFO  c.netflix.discovery.DiscoveryClient - The response status is 200
2019-08-23 09:40:56 55046 [restartedMain] INFO  c.netflix.discovery.DiscoveryClient - Starting heartbeat executor: renew interval is: 30
2019-08-23 09:40:56 55055 [restartedMain] INFO  c.n.d.InstanceInfoReplicator - InstanceInfoReplicator onDemand update allowed rate per min is 4
2019-08-23 09:40:56 55067 [restartedMain] INFO  c.netflix.discovery.DiscoveryClient - Discovery Client initialized at timestamp 1566524456040 with initial instances count: 2
2019-08-23 09:40:56 55096 [restartedMain] INFO  o.s.c.n.e.s.EurekaServiceRegistry - Registering application IM-SERVER-CONTAINER with eureka with status UP
2019-08-23 09:40:56 55098 [restartedMain] INFO  c.netflix.discovery.DiscoveryClient - Saw local status change event StatusChangeEvent [timestamp=1566524456072, current=UP, previous=STARTING]
2019-08-23 09:40:56 55115 [DiscoveryClient-InstanceInfoReplicator-0] INFO  c.netflix.discovery.DiscoveryClient - DiscoveryClient_IM-SERVER-CONTAINER/localhost:5051: registering service...
2019-08-23 09:40:56 55252 [DiscoveryClient-InstanceInfoReplicator-0] INFO  c.netflix.discovery.DiscoveryClient - DiscoveryClient_IM-SERVER-CONTAINER/localhost:5051 - registration status: 204
2019-08-23 09:40:56 55339 [restartedMain] INFO  o.a.coyote.http11.Http11NioProtocol - Starting ProtocolHandler ["http-nio-5051"]
2019-08-23 09:40:56 55699 [restartedMain] INFO  o.s.b.w.e.tomcat.TomcatWebServer - Tomcat started on port(s): 5051 (http) with context path ''
2019-08-23 09:40:56 55708 [restartedMain] INFO  o.s.c.n.e.s.EurekaAutoServiceRegistration - Updating port to 5051
2019-08-23 09:40:56 55711 [restartedMain] INFO  o.s.c.n.e.s.EurekaAutoServiceRegistration - Updating port to 5051
2019-08-23 09:40:56 55715 [restartedMain] INFO  c.s.ImServerContainerApplication - Started ImServerContainerApplication in 54.071 seconds (JVM running for 56.845)
2019-08-23 09:41:09 68750 [pool-14-thread-1] INFO  c.a.druid.pool.DruidDataSource - {dataSource-1} inited
2019-08-23 09:41:40 99383 [http-nio-5051-exec-2] INFO  o.a.c.c.C.[Tomcat].[localhost].[/] - Initializing Spring DispatcherServlet 'dispatcherServlet'
2019-08-23 09:41:40 99384 [http-nio-5051-exec-2] INFO  o.s.web.servlet.DispatcherServlet - Initializing Servlet 'dispatcherServlet'
2019-08-23 09:41:40 99542 [http-nio-5051-exec-2] INFO  o.s.web.servlet.DispatcherServlet - Completed initialization in 158 ms
2019-08-23 09:45:55 354951 [AsyncResolver-bootstrap-executor-0] INFO  c.n.d.s.r.aws.ConfigClusterResolver - Resolving eureka endpoints via configuration
2019-08-23 09:50:55 654960 [AsyncResolver-bootstrap-executor-0] INFO  c.n.d.s.r.aws.ConfigClusterResolver - Resolving eureka endpoints via configuration
2019-08-23 09:55:55 954968 [AsyncResolver-bootstrap-executor-0] INFO  c.n.d.s.r.aws.ConfigClusterResolver - Resolving eureka endpoints via configuration
2019-08-23 10:00:55 1254977 [AsyncResolver-bootstrap-executor-0] INFO  c.n.d.s.r.aws.ConfigClusterResolver - Resolving eureka endpoints via configuration
2019-08-23 10:05:55 1554986 [AsyncResolver-bootstrap-executor-0] INFO  c.n.d.s.r.aws.ConfigClusterResolver - Resolving eureka endpoints via configuration
2019-08-23 10:10:55 1854995 [AsyncResolver-bootstrap-executor-0] INFO  c.n.d.s.r.aws.ConfigClusterResolver - Resolving eureka endpoints via configuration
2019-08-23 10:15:56 2155048 [AsyncResolver-bootstrap-executor-0] INFO  c.n.d.s.r.aws.ConfigClusterResolver - Resolving eureka endpoints via configuration
2019-08-23 10:20:56 2455060 [AsyncResolver-bootstrap-executor-0] INFO  c.n.d.s.r.aws.ConfigClusterResolver - Resolving eureka endpoints via configuration
2019-08-23 10:25:56 2755069 [AsyncResolver-bootstrap-executor-0] INFO  c.n.d.s.r.aws.ConfigClusterResolver - Resolving eureka endpoints via configuration
2019-08-23 10:30:56 3055092 [AsyncResolver-bootstrap-executor-0] INFO  c.n.d.s.r.aws.ConfigClusterResolver - Resolving eureka endpoints via configuration
2019-08-23 10:35:56 3355100 [AsyncResolver-bootstrap-executor-0] INFO  c.n.d.s.r.aws.ConfigClusterResolver - Resolving eureka endpoints via configuration
2019-08-23 10:40:56 3655108 [AsyncResolver-bootstrap-executor-0] INFO  c.n.d.s.r.aws.ConfigClusterResolver - Resolving eureka endpoints via configuration
2019-08-23 10:45:56 3955117 [AsyncResolver-bootstrap-executor-0] INFO  c.n.d.s.r.aws.ConfigClusterResolver - Resolving eureka endpoints via configuration
2019-08-23 10:50:56 4255125 [AsyncResolver-bootstrap-executor-0] INFO  c.n.d.s.r.aws.ConfigClusterResolver - Resolving eureka endpoints via configuration
2019-08-23 10:55:56 4555133 [AsyncResolver-bootstrap-executor-0] INFO  c.n.d.s.r.aws.ConfigClusterResolver - Resolving eureka endpoints via configuration
2019-08-23 11:00:56 4855147 [AsyncResolver-bootstrap-executor-0] INFO  c.n.d.s.r.aws.ConfigClusterResolver - Resolving eureka endpoints via configuration
2019-08-23 11:05:56 5155156 [AsyncResolver-bootstrap-executor-0] INFO  c.n.d.s.r.aws.ConfigClusterResolver - Resolving eureka endpoints via configuration
2019-08-23 11:10:56 5455171 [AsyncResolver-bootstrap-executor-0] INFO  c.n.d.s.r.aws.ConfigClusterResolver - Resolving eureka endpoints via configuration
2019-08-23 11:15:56 5755179 [AsyncResolver-bootstrap-executor-0] INFO  c.n.d.s.r.aws.ConfigClusterResolver - Resolving eureka endpoints via configuration
2019-08-23 11:20:56 6055189 [AsyncResolver-bootstrap-executor-0] INFO  c.n.d.s.r.aws.ConfigClusterResolver - Resolving eureka endpoints via configuration
2019-08-23 11:25:56 6355197 [AsyncResolver-bootstrap-executor-0] INFO  c.n.d.s.r.aws.ConfigClusterResolver - Resolving eureka endpoints via configuration
2019-08-23 11:30:56 6655205 [AsyncResolver-bootstrap-executor-0] INFO  c.n.d.s.r.aws.ConfigClusterResolver - Resolving eureka endpoints via configuration
2019-08-23 11:35:56 6955213 [AsyncResolver-bootstrap-executor-0] INFO  c.n.d.s.r.aws.ConfigClusterResolver - Resolving eureka endpoints via configuration
2019-08-23 11:40:56 7255222 [AsyncResolver-bootstrap-executor-0] INFO  c.n.d.s.r.aws.ConfigClusterResolver - Resolving eureka endpoints via configuration
2019-08-23 11:45:56 7555231 [AsyncResolver-bootstrap-executor-0] INFO  c.n.d.s.r.aws.ConfigClusterResolver - Resolving eureka endpoints via configuration
2019-08-23 11:50:56 7855240 [AsyncResolver-bootstrap-executor-0] INFO  c.n.d.s.r.aws.ConfigClusterResolver - Resolving eureka endpoints via configuration
2019-08-23 11:55:56 8155248 [AsyncResolver-bootstrap-executor-0] INFO  c.n.d.s.r.aws.ConfigClusterResolver - Resolving eureka endpoints via configuration
2019-08-23 12:00:56 8455256 [AsyncResolver-bootstrap-executor-0] INFO  c.n.d.s.r.aws.ConfigClusterResolver - Resolving eureka endpoints via configuration
2019-08-23 12:05:56 8755264 [AsyncResolver-bootstrap-executor-0] INFO  c.n.d.s.r.aws.ConfigClusterResolver - Resolving eureka endpoints via configuration
2019-08-23 12:10:56 9055272 [AsyncResolver-bootstrap-executor-0] INFO  c.n.d.s.r.aws.ConfigClusterResolver - Resolving eureka endpoints via configuration
2019-08-23 12:15:56 9355280 [AsyncResolver-bootstrap-executor-0] INFO  c.n.d.s.r.aws.ConfigClusterResolver - Resolving eureka endpoints via configuration
2019-08-23 12:20:56 9655289 [AsyncResolver-bootstrap-executor-0] INFO  c.n.d.s.r.aws.ConfigClusterResolver - Resolving eureka endpoints via configuration
2019-08-23 12:25:56 9955297 [AsyncResolver-bootstrap-executor-0] INFO  c.n.d.s.r.aws.ConfigClusterResolver - Resolving eureka endpoints via configuration
2019-08-23 12:30:56 10255305 [AsyncResolver-bootstrap-executor-0] INFO  c.n.d.s.r.aws.ConfigClusterResolver - Resolving eureka endpoints via configuration
